[debug] ----------------------------------------------------------------------
[debug] Command:      /usr/local/Cellar/node/6.0.0/bin/node /usr/local/bin/firebase deploy
[debug] CLI Version:  3.0.7
[debug] Platform:     darwin
[debug] Node Version: v6.0.0
[debug] Time:         Mon Aug 22 2016 13:44:45 GMT+0200 (CEST)
[debug] ----------------------------------------------------------------------
[debug] 
[debug] > command requires scopes: ["email","openid","https://www.googleapis.com/auth/cloudplatformprojects.readonly","https://www.googleapis.com/auth/firebase"]
[debug] >>> HTTP REQUEST GET https://admin.firebase.com/v1/projects/personal-website-5f0f8 
[debug] <<< HTTP RESPONSE 200
[debug] >>> HTTP REQUEST GET https://admin.firebase.com/v1/database/personal-website-5f0f8/tokens 
[debug] <<< HTTP RESPONSE 200
[info] 
[info] === Deploying to 'personal-website-5f0f8'...
[info] 
[info] i  deploying database, hosting
[info] ✔  database: rules ready to deploy.
[info] i  hosting: preparing build/bundled directory for upload...
[debug] >>> HTTP REQUEST PUT https://deploy.firebase.com/v1/hosting/personal-website-5f0f8/uploads/-KPm3J28R2N0xH-X9RY2?fileCount=67&message= 
